[0.989s] Invoking command in '/home/elytra/AdR/p2_ws/src/p2_kf_adr': PYTHONPATH=/home/elytra/AdR/p2_ws/build/p2_kf_adr/prefix_override:/usr/lib/python3/dist-packages/colcon_core/task/python/colcon_distutils_commands:/home/elytra/AdR/p2_ws/install/p2_kf_adr/lib/python3.10/site-packages:${PYTHONPATH} /usr/bin/python3 -W ignore:setup.py install is deprecated -W ignore:easy_install command is deprecated setup.py egg_info --egg-base ../../build/p2_kf_adr build --build-base /home/elytra/AdR/p2_ws/build/p2_kf_adr/build install --record /home/elytra/AdR/p2_ws/build/p2_kf_adr/install.log --single-version-externally-managed install_data
[1.335s] running egg_info
[1.336s] writing ../../build/p2_kf_adr/p2_kf_adr.egg-info/PKG-INFO
[1.336s] writing dependency_links to ../../build/p2_kf_adr/p2_kf_adr.egg-info/dependency_links.txt
[1.336s] writing entry points to ../../build/p2_kf_adr/p2_kf_adr.egg-info/entry_points.txt
[1.336s] writing requirements to ../../build/p2_kf_adr/p2_kf_adr.egg-info/requires.txt
[1.337s] writing top-level names to ../../build/p2_kf_adr/p2_kf_adr.egg-info/top_level.txt
[1.340s] reading manifest file '../../build/p2_kf_adr/p2_kf_adr.egg-info/SOURCES.txt'
[1.341s] writing manifest file '../../build/p2_kf_adr/p2_kf_adr.egg-info/SOURCES.txt'
[1.341s] running build
[1.341s] running build_py
[1.342s] copying p2_kf_adr/filters/kalman_filter.py -> /home/elytra/AdR/p2_ws/build/p2_kf_adr/build/lib/p2_kf_adr/filters
[1.342s] running install
[1.343s] running install_lib
[1.344s] copying /home/elytra/AdR/p2_ws/build/p2_kf_adr/build/lib/p2_kf_adr/filters/kalman_filter.py -> /home/elytra/AdR/p2_ws/install/p2_kf_adr/lib/python3.10/site-packages/p2_kf_adr/filters
[1.344s] byte-compiling /home/elytra/AdR/p2_ws/install/p2_kf_adr/lib/python3.10/site-packages/p2_kf_adr/filters/kalman_filter.py to kalman_filter.cpython-310.pyc
[1.346s] running install_data
[1.346s] running install_egg_info
[1.349s] removing '/home/elytra/AdR/p2_ws/install/p2_kf_adr/lib/python3.10/site-packages/p2_kf_adr-0.0.0-py3.10.egg-info' (and everything under it)
[1.350s] Copying ../../build/p2_kf_adr/p2_kf_adr.egg-info to /home/elytra/AdR/p2_ws/install/p2_kf_adr/lib/python3.10/site-packages/p2_kf_adr-0.0.0-py3.10.egg-info
[1.351s] running install_scripts
[1.387s] Installing kf_estimation script to /home/elytra/AdR/p2_ws/install/p2_kf_adr/lib/p2_kf_adr
[1.388s] Installing kf_estimation_vel script to /home/elytra/AdR/p2_ws/install/p2_kf_adr/lib/p2_kf_adr
[1.389s] writing list of installed files to '/home/elytra/AdR/p2_ws/build/p2_kf_adr/install.log'
[1.433s] Invoked command in '/home/elytra/AdR/p2_ws/src/p2_kf_adr' returned '0': PYTHONPATH=/home/elytra/AdR/p2_ws/build/p2_kf_adr/prefix_override:/usr/lib/python3/dist-packages/colcon_core/task/python/colcon_distutils_commands:/home/elytra/AdR/p2_ws/install/p2_kf_adr/lib/python3.10/site-packages:${PYTHONPATH} /usr/bin/python3 -W ignore:setup.py install is deprecated -W ignore:easy_install command is deprecated setup.py egg_info --egg-base ../../build/p2_kf_adr build --build-base /home/elytra/AdR/p2_ws/build/p2_kf_adr/build install --record /home/elytra/AdR/p2_ws/build/p2_kf_adr/install.log --single-version-externally-managed install_data
