[0.930s] Invoking command in '/home/elytra/AdR/p2_ws/src/p2_kf_adr': PYTHONPATH=/home/elytra/AdR/p2_ws/build/p2_kf_adr/prefix_override:/usr/lib/python3/dist-packages/colcon_core/task/python/colcon_distutils_commands:/home/elytra/AdR/p2_ws/install/p2_kf_adr/lib/python3.10/site-packages:${PYTHONPATH} /usr/bin/python3 -W ignore:setup.py install is deprecated -W ignore:easy_install command is deprecated setup.py egg_info --egg-base ../../build/p2_kf_adr build --build-base /home/elytra/AdR/p2_ws/build/p2_kf_adr/build install --record /home/elytra/AdR/p2_ws/build/p2_kf_adr/install.log --single-version-externally-managed install_data
[1.263s] running egg_info
[1.264s] writing ../../build/p2_kf_adr/p2_kf_adr.egg-info/PKG-INFO
[1.264s] writing dependency_links to ../../build/p2_kf_adr/p2_kf_adr.egg-info/dependency_links.txt
[1.265s] writing entry points to ../../build/p2_kf_adr/p2_kf_adr.egg-info/entry_points.txt
[1.265s] writing requirements to ../../build/p2_kf_adr/p2_kf_adr.egg-info/requires.txt
[1.265s] writing top-level names to ../../build/p2_kf_adr/p2_kf_adr.egg-info/top_level.txt
[1.269s] reading manifest file '../../build/p2_kf_adr/p2_kf_adr.egg-info/SOURCES.txt'
[1.271s] writing manifest file '../../build/p2_kf_adr/p2_kf_adr.egg-info/SOURCES.txt'
[1.272s] running build
[1.272s] running build_py
[1.272s] copying p2_kf_adr/motion_models.py -> /home/elytra/AdR/p2_ws/build/p2_kf_adr/build/lib/p2_kf_adr
[1.273s] running install
[1.273s] running install_lib
[1.275s] copying /home/elytra/AdR/p2_ws/build/p2_kf_adr/build/lib/p2_kf_adr/motion_models.py -> /home/elytra/AdR/p2_ws/install/p2_kf_adr/lib/python3.10/site-packages/p2_kf_adr
[1.276s] byte-compiling /home/elytra/AdR/p2_ws/install/p2_kf_adr/lib/python3.10/site-packages/p2_kf_adr/motion_models.py to motion_models.cpython-310.pyc
[1.277s] running install_data
[1.277s] running install_egg_info
[1.280s] removing '/home/elytra/AdR/p2_ws/install/p2_kf_adr/lib/python3.10/site-packages/p2_kf_adr-0.0.0-py3.10.egg-info' (and everything under it)
[1.280s] Copying ../../build/p2_kf_adr/p2_kf_adr.egg-info to /home/elytra/AdR/p2_ws/install/p2_kf_adr/lib/python3.10/site-packages/p2_kf_adr-0.0.0-py3.10.egg-info
[1.281s] running install_scripts
[1.312s] Installing kf_estimation script to /home/elytra/AdR/p2_ws/install/p2_kf_adr/lib/p2_kf_adr
[1.312s] Installing kf_estimation_vel script to /home/elytra/AdR/p2_ws/install/p2_kf_adr/lib/p2_kf_adr
[1.313s] writing list of installed files to '/home/elytra/AdR/p2_ws/build/p2_kf_adr/install.log'
[1.351s] Invoked command in '/home/elytra/AdR/p2_ws/src/p2_kf_adr' returned '0': PYTHONPATH=/home/elytra/AdR/p2_ws/build/p2_kf_adr/prefix_override:/usr/lib/python3/dist-packages/colcon_core/task/python/colcon_distutils_commands:/home/elytra/AdR/p2_ws/install/p2_kf_adr/lib/python3.10/site-packages:${PYTHONPATH} /usr/bin/python3 -W ignore:setup.py install is deprecated -W ignore:easy_install command is deprecated setup.py egg_info --egg-base ../../build/p2_kf_adr build --build-base /home/elytra/AdR/p2_ws/build/p2_kf_adr/build install --record /home/elytra/AdR/p2_ws/build/p2_kf_adr/install.log --single-version-externally-managed install_data
