[0.109s] DEBUG:colcon:Command line arguments: ['/usr/bin/colcon', 'build', '--packages-select', 'p2_kf_adr']
[0.109s] DEBUG:colcon:Parsed command line arguments: Namespace(log_base=None, log_level=None, verb_name='build', build_base='build', install_base='install', merge_install=False, symlink_install=False, test_result_base=None, continue_on_error=False, executor='parallel', parallel_workers=16, event_handlers=None, ignore_user_meta=False, metas=['./colcon.meta'], base_paths=['.'], packages_ignore=None, packages_ignore_regex=None, paths=None, packages_up_to=None, packages_up_to_regex=None, packages_above=None, packages_above_and_dependencies=None, packages_above_depth=None, packages_select_by_dep=None, packages_skip_by_dep=None, packages_skip_up_to=None, packages_select_build_failed=False, packages_skip_build_finished=False, packages_select_test_failures=False, packages_skip_test_passed=False, packages_select=['p2_kf_adr'], packages_skip=None, packages_select_regex=None, packages_skip_regex=None, packages_start=None, packages_end=None, allow_overriding=[], cmake_args=None, cmake_target=None, cmake_target_skip_unavailable=False, cmake_clean_cache=False, cmake_clean_first=False, cmake_force_configure=False, ament_cmake_args=None, catkin_cmake_args=None, catkin_skip_building_tests=False, mixin_files=None, mixin=None, verb_parser=<colcon_mixin.mixin.mixin_argument.MixinArgumentDecorator object at 0x76d195ef3760>, verb_extension=<colcon_core.verb.build.BuildVerb object at 0x76d1960a4cd0>, main=<bound method BuildVerb.main of <colcon_core.verb.build.BuildVerb object at 0x76d1960a4cd0>>, mixin_verb=('build',))
[0.221s] Level 1:colcon.colcon_core.package_discovery:discover_packages(colcon_meta) check parameters
[0.221s] Level 1:colcon.colcon_core.package_discovery:discover_packages(recursive) check parameters
[0.221s] Level 1:colcon.colcon_core.package_discovery:discover_packages(ignore) check parameters
[0.221s] Level 1:colcon.colcon_core.package_discovery:discover_packages(path) check parameters
[0.221s] Level 1:colcon.colcon_core.package_discovery:discover_packages(colcon_meta) discover
[0.221s] Level 1:colcon.colcon_core.package_discovery:discover_packages(recursive) discover
[0.221s] INFO:colcon.colcon_core.package_discovery:Crawling recursively for packages in '/home/elytra/AdR/p2_ws'
[0.221s] Level 1:colcon.colcon_core.package_identification:_identify(.) by extensions ['ignore', 'ignore_ament_install']
[0.221s] Level 1:colcon.colcon_core.package_identification:_identify(.) by extension 'ignore'
[0.221s] Level 1:colcon.colcon_core.package_identification:_identify(.) by extension 'ignore_ament_install'
[0.221s] Level 1:colcon.colcon_core.package_identification:_identify(.) by extensions ['colcon_pkg']
[0.221s] Level 1:colcon.colcon_core.package_identification:_identify(.) by extension 'colcon_pkg'
[0.221s] Level 1:colcon.colcon_core.package_identification:_identify(.) by extensions ['colcon_meta']
[0.221s] Level 1:colcon.colcon_core.package_identification:_identify(.) by extension 'colcon_meta'
[0.221s] Level 1:colcon.colcon_core.package_identification:_identify(.) by extensions ['ros']
[0.221s] Level 1:colcon.colcon_core.package_identification:_identify(.) by extension 'ros'
[0.230s] Level 1:colcon.colcon_core.package_identification:_identify(.) by extensions ['cmake', 'python']
[0.230s] Level 1:colcon.colcon_core.package_identification:_identify(.) by extension 'cmake'
[0.230s] Level 1:colcon.colcon_core.package_identification:_identify(.) by extension 'python'
[0.230s] Level 1:colcon.colcon_core.package_identification:_identify(.) by extensions ['python_setup_py']
[0.230s] Level 1:colcon.colcon_core.package_identification:_identify(.) by extension 'python_setup_py'
[0.231s] Level 1:colcon.colcon_core.package_identification:_identify(build) by extensions ['ignore', 'ignore_ament_install']
[0.231s] Level 1:colcon.colcon_core.package_identification:_identify(build) by extension 'ignore'
[0.231s] Level 1:colcon.colcon_core.package_identification:_identify(build) ignored
[0.231s] Level 1:colcon.colcon_core.package_identification:_identify(install) by extensions ['ignore', 'ignore_ament_install']
[0.231s] Level 1:colcon.colcon_core.package_identification:_identify(install) by extension 'ignore'
[0.231s] Level 1:colcon.colcon_core.package_identification:_identify(install) ignored
[0.231s] Level 1:colcon.colcon_core.package_identification:_identify(log) by extensions ['ignore', 'ignore_ament_install']
[0.231s] Level 1:colcon.colcon_core.package_identification:_identify(log) by extension 'ignore'
[0.231s] Level 1:colcon.colcon_core.package_identification:_identify(log) ignored
[0.231s] Level 1:colcon.colcon_core.package_identification:_identify(src) by extensions ['ignore', 'ignore_ament_install']
[0.231s] Level 1:colcon.colcon_core.package_identification:_identify(src) by extension 'ignore'
[0.231s] Level 1:colcon.colcon_core.package_identification:_identify(src) by extension 'ignore_ament_install'
[0.231s] Level 1:colcon.colcon_core.package_identification:_identify(src) by extensions ['colcon_pkg']
[0.231s] Level 1:colcon.colcon_core.package_identification:_identify(src) by extension 'colcon_pkg'
[0.231s] Level 1:colcon.colcon_core.package_identification:_identify(src) by extensions ['colcon_meta']
[0.231s] Level 1:colcon.colcon_core.package_identification:_identify(src) by extension 'colcon_meta'
[0.231s] Level 1:colcon.colcon_core.package_identification:_identify(src) by extensions ['ros']
[0.231s] Level 1:colcon.colcon_core.package_identification:_identify(src) by extension 'ros'
[0.231s] Level 1:colcon.colcon_core.package_identification:_identify(src) by extensions ['cmake', 'python']
[0.231s] Level 1:colcon.colcon_core.package_identification:_identify(src) by extension 'cmake'
[0.231s] Level 1:colcon.colcon_core.package_identification:_identify(src) by extension 'python'
[0.231s] Level 1:colcon.colcon_core.package_identification:_identify(src) by extensions ['python_setup_py']
[0.232s] Level 1:colcon.colcon_core.package_identification:_identify(src) by extension 'python_setup_py'
[0.232s] Level 1:colcon.colcon_core.package_identification:_identify(src/p2_kf_adr) by extensions ['ignore', 'ignore_ament_install']
[0.232s] Level 1:colcon.colcon_core.package_identification:_identify(src/p2_kf_adr) by extension 'ignore'
[0.232s] Level 1:colcon.colcon_core.package_identification:_identify(src/p2_kf_adr) by extension 'ignore_ament_install'
[0.232s] Level 1:colcon.colcon_core.package_identification:_identify(src/p2_kf_adr) by extensions ['colcon_pkg']
[0.232s] Level 1:colcon.colcon_core.package_identification:_identify(src/p2_kf_adr) by extension 'colcon_pkg'
[0.232s] Level 1:colcon.colcon_core.package_identification:_identify(src/p2_kf_adr) by extensions ['colcon_meta']
[0.232s] Level 1:colcon.colcon_core.package_identification:_identify(src/p2_kf_adr) by extension 'colcon_meta'
[0.232s] Level 1:colcon.colcon_core.package_identification:_identify(src/p2_kf_adr) by extensions ['ros']
[0.232s] Level 1:colcon.colcon_core.package_identification:_identify(src/p2_kf_adr) by extension 'ros'
[0.234s] DEBUG:colcon.colcon_core.package_identification:Package 'src/p2_kf_adr' with type 'ros.ament_python' and name 'p2_kf_adr'
[0.234s] Level 1:colcon.colcon_core.package_discovery:discover_packages(recursive) using defaults
[0.234s] Level 1:colcon.colcon_core.package_discovery:discover_packages(ignore) discover
[0.234s] Level 1:colcon.colcon_core.package_discovery:discover_packages(ignore) using defaults
[0.234s] Level 1:colcon.colcon_core.package_discovery:discover_packages(path) discover
[0.234s] Level 1:colcon.colcon_core.package_discovery:discover_packages(path) using defaults
[0.248s] Level 1:colcon.colcon_core.package_discovery:discover_packages(prefix_path) check parameters
[0.249s] Level 1:colcon.colcon_core.package_discovery:discover_packages(prefix_path) discover
[0.251s] DEBUG:colcon.colcon_installed_package_information.package_discovery:Found 2 installed packages in /home/elytra/AdR/p2_ws/install
[0.252s] DEBUG:colcon.colcon_installed_package_information.package_discovery:Found 262 installed packages in /opt/ros/humble
[0.261s] Level 1:colcon.colcon_core.package_discovery:discover_packages(prefix_path) using defaults
[0.281s] Level 5:colcon.colcon_core.verb:set package 'p2_kf_adr' build argument 'cmake_args' from command line to 'None'
[0.281s] Level 5:colcon.colcon_core.verb:set package 'p2_kf_adr' build argument 'cmake_target' from command line to 'None'
[0.281s] Level 5:colcon.colcon_core.verb:set package 'p2_kf_adr' build argument 'cmake_target_skip_unavailable' from command line to 'False'
[0.281s] Level 5:colcon.colcon_core.verb:set package 'p2_kf_adr' build argument 'cmake_clean_cache' from command line to 'False'
[0.281s] Level 5:colcon.colcon_core.verb:set package 'p2_kf_adr' build argument 'cmake_clean_first' from command line to 'False'
[0.281s] Level 5:colcon.colcon_core.verb:set package 'p2_kf_adr' build argument 'cmake_force_configure' from command line to 'False'
[0.281s] Level 5:colcon.colcon_core.verb:set package 'p2_kf_adr' build argument 'ament_cmake_args' from command line to 'None'
[0.281s] Level 5:colcon.colcon_core.verb:set package 'p2_kf_adr' build argument 'catkin_cmake_args' from command line to 'None'
[0.281s] Level 5:colcon.colcon_core.verb:set package 'p2_kf_adr' build argument 'catkin_skip_building_tests' from command line to 'False'
[0.281s] DEBUG:colcon.colcon_core.verb:Building package 'p2_kf_adr' with the following arguments: {'ament_cmake_args': None, 'build_base': '/home/elytra/AdR/p2_ws/build/p2_kf_adr', 'catkin_cmake_args': None, 'catkin_skip_building_tests': False, 'cmake_args': None, 'cmake_clean_cache': False, 'cmake_clean_first': False, 'cmake_force_configure': False, 'cmake_target': None, 'cmake_target_skip_unavailable': False, 'install_base': '/home/elytra/AdR/p2_ws/install/p2_kf_adr', 'merge_install': False, 'path': '/home/elytra/AdR/p2_ws/src/p2_kf_adr', 'symlink_install': False, 'test_result_base': None}
[0.281s] INFO:colcon.colcon_core.executor:Executing jobs using 'parallel' executor
[0.282s] DEBUG:colcon.colcon_parallel_executor.executor.parallel:run_until_complete
[0.282s] INFO:colcon.colcon_ros.task.ament_python.build:Building ROS package in '/home/elytra/AdR/p2_ws/src/p2_kf_adr' with build type 'ament_python'
[0.282s] Level 1:colcon.colcon_core.shell:create_environment_hook('p2_kf_adr', 'ament_prefix_path')
[0.284s] INFO:colcon.colcon_core.plugin_system:Skipping extension 'colcon_core.shell.bat': Not used on non-Windows systems
[0.284s] INFO:colcon.colcon_core.shell:Creating environment hook '/home/elytra/AdR/p2_ws/install/p2_kf_adr/share/p2_kf_adr/hook/ament_prefix_path.ps1'
[0.285s] INFO:colcon.colcon_core.shell:Creating environment descriptor '/home/elytra/AdR/p2_ws/install/p2_kf_adr/share/p2_kf_adr/hook/ament_prefix_path.dsv'
[0.285s] INFO:colcon.colcon_core.shell:Creating environment hook '/home/elytra/AdR/p2_ws/install/p2_kf_adr/share/p2_kf_adr/hook/ament_prefix_path.sh'
[0.286s] INFO:colcon.colcon_core.shell:Skip shell extension 'powershell' for command environment: Not usable outside of PowerShell
[0.286s] DEBUG:colcon.colcon_core.shell:Skip shell extension 'dsv' for command environment
[0.475s] INFO:colcon.colcon_core.task.python.build:Building Python package in '/home/elytra/AdR/p2_ws/src/p2_kf_adr'
[0.476s] INFO:colcon.colcon_core.shell:Skip shell extension 'powershell' for command environment: Not usable outside of PowerShell
[0.476s] DEBUG:colcon.colcon_core.shell:Skip shell extension 'dsv' for command environment
[0.751s] DEBUG:colcon.colcon_core.event_handler.log_command:Invoking command in '/home/elytra/AdR/p2_ws/src/p2_kf_adr': PYTHONPATH=/home/elytra/AdR/p2_ws/build/p2_kf_adr/prefix_override:/usr/lib/python3/dist-packages/colcon_core/task/python/colcon_distutils_commands:/home/elytra/AdR/p2_ws/install/p2_kf_adr/lib/python3.10/site-packages:${PYTHONPATH} /usr/bin/python3 -W ignore:setup.py install is deprecated -W ignore:easy_install command is deprecated setup.py egg_info --egg-base ../../build/p2_kf_adr build --build-base /home/elytra/AdR/p2_ws/build/p2_kf_adr/build install --record /home/elytra/AdR/p2_ws/build/p2_kf_adr/install.log --single-version-externally-managed install_data
[0.958s] DEBUG:colcon.colcon_core.event_handler.log_command:Invoked command in '/home/elytra/AdR/p2_ws/src/p2_kf_adr' returned '0': PYTHONPATH=/home/elytra/AdR/p2_ws/build/p2_kf_adr/prefix_override:/usr/lib/python3/dist-packages/colcon_core/task/python/colcon_distutils_commands:/home/elytra/AdR/p2_ws/install/p2_kf_adr/lib/python3.10/site-packages:${PYTHONPATH} /usr/bin/python3 -W ignore:setup.py install is deprecated -W ignore:easy_install command is deprecated setup.py egg_info --egg-base ../../build/p2_kf_adr build --build-base /home/elytra/AdR/p2_ws/build/p2_kf_adr/build install --record /home/elytra/AdR/p2_ws/build/p2_kf_adr/install.log --single-version-externally-managed install_data
[0.960s] Level 1:colcon.colcon_core.environment:checking '/home/elytra/AdR/p2_ws/install/p2_kf_adr' for CMake module files
[0.960s] Level 1:colcon.colcon_core.environment:checking '/home/elytra/AdR/p2_ws/install/p2_kf_adr' for CMake config files
[0.961s] Level 1:colcon.colcon_core.environment:checking '/home/elytra/AdR/p2_ws/install/p2_kf_adr/lib'
[0.961s] Level 1:colcon.colcon_core.environment:checking '/home/elytra/AdR/p2_ws/install/p2_kf_adr/bin'
[0.961s] Level 1:colcon.colcon_core.environment:checking '/home/elytra/AdR/p2_ws/install/p2_kf_adr/lib/pkgconfig/p2_kf_adr.pc'
[0.961s] Level 1:colcon.colcon_core.environment:checking '/home/elytra/AdR/p2_ws/install/p2_kf_adr/lib/python3.10/site-packages'
[0.961s] Level 1:colcon.colcon_core.shell:create_environment_hook('p2_kf_adr', 'pythonpath')
[0.961s] INFO:colcon.colcon_core.shell:Creating environment hook '/home/elytra/AdR/p2_ws/install/p2_kf_adr/share/p2_kf_adr/hook/pythonpath.ps1'
[0.962s] INFO:colcon.colcon_core.shell:Creating environment descriptor '/home/elytra/AdR/p2_ws/install/p2_kf_adr/share/p2_kf_adr/hook/pythonpath.dsv'
[0.962s] INFO:colcon.colcon_core.shell:Creating environment hook '/home/elytra/AdR/p2_ws/install/p2_kf_adr/share/p2_kf_adr/hook/pythonpath.sh'
[0.962s] Level 1:colcon.colcon_core.environment:checking '/home/elytra/AdR/p2_ws/install/p2_kf_adr/bin'
[0.962s] Level 1:colcon.colcon_core.environment:create_environment_scripts_only(p2_kf_adr)
[0.962s] INFO:colcon.colcon_core.shell:Creating package script '/home/elytra/AdR/p2_ws/install/p2_kf_adr/share/p2_kf_adr/package.ps1'
[0.963s] INFO:colcon.colcon_core.shell:Creating package descriptor '/home/elytra/AdR/p2_ws/install/p2_kf_adr/share/p2_kf_adr/package.dsv'
[0.963s] INFO:colcon.colcon_core.shell:Creating package script '/home/elytra/AdR/p2_ws/install/p2_kf_adr/share/p2_kf_adr/package.sh'
[0.964s] INFO:colcon.colcon_core.shell:Creating package script '/home/elytra/AdR/p2_ws/install/p2_kf_adr/share/p2_kf_adr/package.bash'
[0.964s] INFO:colcon.colcon_core.shell:Creating package script '/home/elytra/AdR/p2_ws/install/p2_kf_adr/share/p2_kf_adr/package.zsh'
[0.965s] Level 1:colcon.colcon_core.environment:create_file_with_runtime_dependencies(/home/elytra/AdR/p2_ws/install/p2_kf_adr/share/colcon-core/packages/p2_kf_adr)
[0.965s] DEBUG:colcon.colcon_parallel_executor.executor.parallel:closing loop
[0.965s] DEBUG:colcon.colcon_parallel_executor.executor.parallel:loop closed
[0.965s] DEBUG:colcon.colcon_parallel_executor.executor.parallel:run_until_complete finished with '0'
[0.965s] DEBUG:colcon.colcon_core.event_reactor:joining thread
[0.969s] INFO:colcon.colcon_core.plugin_system:Skipping extension 'colcon_notification.desktop_notification.terminal_notifier': Not used on non-Darwin systems
[0.969s] INFO:colcon.colcon_core.plugin_system:Skipping extension 'colcon_notification.desktop_notification.win32': Not used on non-Windows systems
[0.969s] INFO:colcon.colcon_notification.desktop_notification:Sending desktop notification using 'notify2'
[0.977s] DEBUG:colcon.colcon_core.event_reactor:joined thread
[0.977s] INFO:colcon.colcon_core.shell:Creating prefix script '/home/elytra/AdR/p2_ws/install/local_setup.ps1'
[0.978s] INFO:colcon.colcon_core.shell:Creating prefix util module '/home/elytra/AdR/p2_ws/install/_local_setup_util_ps1.py'
[0.979s] INFO:colcon.colcon_core.shell:Creating prefix chain script '/home/elytra/AdR/p2_ws/install/setup.ps1'
[0.980s] INFO:colcon.colcon_core.shell:Creating prefix script '/home/elytra/AdR/p2_ws/install/local_setup.sh'
[0.980s] INFO:colcon.colcon_core.shell:Creating prefix util module '/home/elytra/AdR/p2_ws/install/_local_setup_util_sh.py'
[0.981s] INFO:colcon.colcon_core.shell:Creating prefix chain script '/home/elytra/AdR/p2_ws/install/setup.sh'
[0.981s] INFO:colcon.colcon_core.shell:Creating prefix script '/home/elytra/AdR/p2_ws/install/local_setup.bash'
[0.982s] INFO:colcon.colcon_core.shell:Creating prefix chain script '/home/elytra/AdR/p2_ws/install/setup.bash'
[0.982s] INFO:colcon.colcon_core.shell:Creating prefix script '/home/elytra/AdR/p2_ws/install/local_setup.zsh'
[0.983s] INFO:colcon.colcon_core.shell:Creating prefix chain script '/home/elytra/AdR/p2_ws/install/setup.zsh'
