[0.033s] Invoking command in '/home/elytra/AdR/p2_ws/build/turtlebot4_gz_toolbox': CMAKE_PREFIX_PATH=${CMAKE_PREFIX_PATH}:/home/elytra/AdR/p2_ws/src/p2_kf_adr/install/p2_kf_adr:/home/elytra/ros2_humble/install/rqt_bag_plugins:/home/elytra/ros2_humble/install/rqt_bag:/home/elytra/ros2_humble/install/launch_testing_examples:/home/elytra/ros2_humble/install/ros2bag:/home/elytra/ros2_humble/install/tracetools_test:/home/elytra/ros2_humble/install/tracetools_launch:/home/elytra/ros2_humble/install/topic_monitor:/home/elytra/ros2_humble/install/tf2_tools:/home/elytra/ros2_humble/install/examples_tf2_py:/home/elytra/ros2_humble/install/tf2_ros_py:/home/elytra/ros2_humble/install/sros2:/home/elytra/ros2_humble/install/rqt_srv:/home/elytra/ros2_humble/install/rqt_shell:/home/elytra/ros2_humble/install/rqt_service_caller:/home/elytra/ros2_humble/install/rqt_reconfigure:/home/elytra/ros2_humble/install/rqt_py_console:/home/elytra/ros2_humble/install/rqt_publisher:/home/elytra/ros2_humble/install/rqt_plot:/home/elytra/ros2_humble/install/rqt_action:/home/elytra/ros2_humble/install/rqt_msg:/home/elytra/ros2_humble/install/rqt_console:/home/elytra/ros2_humble/install/rqt:/home/elytra/ros2_humble/install/rqt_graph:/home/elytra/ros2_humble/install/rqt_gui_py:/home/elytra/ros2_humble/install/rqt_gui:/home/elytra/ros2_humble/install/ros2trace:/home/elytra/ros2_humble/install/ros2topic:/home/elytra/ros2_humble/install/ros2test:/home/elytra/ros2_humble/install/ros2component:/home/elytra/ros2_humble/install/ros2param:/home/elytra/ros2_humble/install/ros2lifecycle:/home/elytra/ros2_humble/install/ros2service:/home/elytra/ros2_humble/install/ros2run:/home/elytra/ros2_humble/install/ros2launch:/home/elytra/ros2_humble/install/ros2pkg:/home/elytra/ros2_humble/install/ros2node:/home/elytra/ros2_humble/install/ros2multicast:/home/elytra/ros2_humble/install/ros2interface:/home/elytra/ros2_humble/install/ros2doctor:/home/elytra/ros2_humble/install/ros2action:/home/elytra/ros2_humble/install/ros2cli:/home/elytra/ros2_humble/install/quality_of_service_demo_py:/home/elytra/ros2_humble/install/lifecycle_py:/home/elytra/ros2_humble/install/launch_testing_ros:/home/elytra/ros2_humble/install/launch_ros:/home/elytra/ros2_humble/install/examples_rclpy_pointcloud_publisher:/home/elytra/ros2_humble/install/examples_rclpy_minimal_subscriber:/home/elytra/ros2_humble/install/examples_rclpy_minimal_service:/home/elytra/ros2_humble/install/examples_rclpy_minimal_publisher:/home/elytra/ros2_humble/install/examples_rclpy_minimal_client:/home/elytra/ros2_humble/install/examples_rclpy_minimal_action_server:/home/elytra/ros2_humble/install/examples_rclpy_minimal_action_client:/home/elytra/ros2_humble/install/examples_rclpy_guard_conditions:/home/elytra/ros2_humble/install/examples_rclpy_executors:/home/elytra/ros2_humble/install/demo_nodes_py:/home/elytra/ros2_humble/install/camera_info_manager_py:/home/elytra/ros2_humble/install/action_tutorials_py:/home/elytra/ros2_humble/install/ament_uncrustify:/home/elytra/ros2_humble/install/tracetools_trace:/home/elytra/ros2_humble/install/tracetools_read:/home/elytra/ros2_humble/install/test_tracetools_launch:/home/elytra/ros2_humble/install/test_launch_ros:/home/elytra/ros2_humble/install/sensor_msgs_py:/home/elytra/ros2_humble/install/rpyutils:/home/elytra/ros2_humble/install/rosidl_runtime_py:/home/elytra/ros2_humble/install/rosidl_cli:/home/elytra/ros2_humble/install/launch_pytest:/home/elytra/ros2_humble/install/launch_testing:/home/elytra/ros2_humble/install/launch_yaml:/home/elytra/ros2_humble/install/launch_xml:/home/elytra/ros2_humble/install/launch:/home/elytra/ros2_humble/install/osrf_pycommon:/home/elytra/ros2_humble/install/domain_coordinator:/home/elytra/ros2_humble/install/ament_xmllint:/home/elytra/ros2_humble/install/ament_pyflakes:/home/elytra/ros2_humble/install/ament_pycodestyle:/home/elytra/ros2_humble/install/ament_pep257:/home/elytra/ros2_humble/install/ament_pclint:/home/elytra/ros2_humble/install/ament_package:/home/elytra/ros2_humble/install/ament_mypy:/home/elytra/ros2_humble/install/ament_lint_cmake:/home/elytra/ros2_humble/install/ament_flake8:/home/elytra/ros2_humble/install/ament_copyright:/home/elytra/ros2_humble/install/ament_lint:/home/elytra/ros2_humble/install/ament_index_python:/home/elytra/ros2_humble/install/ament_cpplint:/home/elytra/ros2_humble/install/ament_cppcheck:/home/elytra/ros2_humble/install/ament_clang_tidy:/home/elytra/ros2_humble/install/ament_clang_format /usr/bin/cmake /home/elytra/AdR/p2_ws/src/turtlebot4_simulator/turtlebot4_gz_toolbox -DCMAKE_INSTALL_PREFIX=/home/elytra/AdR/p2_ws/install/turtlebot4_gz_toolbox
[0.103s] -- The C compiler identification is GNU 11.4.0
[0.154s] -- The CXX compiler identification is GNU 11.4.0
[0.162s] -- Detecting C compiler ABI info
[0.254s] -- Detecting C compiler ABI info - done
[0.259s] -- Check for working C compiler: /usr/bin/cc - skipped
[0.260s] -- Detecting C compile features
[0.260s] -- Detecting C compile features - done
[0.262s] -- Detecting CXX compiler ABI info
[0.361s] -- Detecting CXX compiler ABI info - done
[0.367s] -- Check for working CXX compiler: /usr/bin/c++ - skipped
[0.368s] -- Detecting CXX compile features
[0.368s] -- Detecting CXX compile features - done
[0.383s] -- Found ament_cmake: 1.3.11 (/home/elytra/ros2_humble/install/ament_cmake/share/ament_cmake/cmake)
[0.762s] -- Found Python3: /usr/bin/python3 (found version "3.10.12") found components: Interpreter 
[1.043s] -- Found rclcpp: 16.0.12 (/home/elytra/ros2_humble/install/rclcpp/share/rclcpp/cmake)
[1.152s] -- Found rosidl_generator_c: 3.1.6 (/home/elytra/ros2_humble/install/rosidl_generator_c/share/rosidl_generator_c/cmake)
[1.169s] -- Found rosidl_adapter: 3.1.6 (/home/elytra/ros2_humble/install/rosidl_adapter/share/rosidl_adapter/cmake)
[1.187s] -- Found rosidl_generator_cpp: 3.1.6 (/home/elytra/ros2_humble/install/rosidl_generator_cpp/share/rosidl_generator_cpp/cmake)
[1.224s] -- Using all available rosidl_typesupport_c: rosidl_typesupport_introspection_c;rosidl_typesupport_fastrtps_c
[1.270s] -- Using all available rosidl_typesupport_cpp: rosidl_typesupport_introspection_cpp;rosidl_typesupport_fastrtps_cpp
[1.376s] -- Found rmw_implementation_cmake: 6.1.2 (/home/elytra/ros2_humble/install/rmw_implementation_cmake/share/rmw_implementation_cmake/cmake)
[1.399s] -- Found rmw_fastrtps_cpp: 6.2.7 (/home/elytra/ros2_humble/install/rmw_fastrtps_cpp/share/rmw_fastrtps_cpp/cmake)
[1.572s] -- Found OpenSSL: /usr/lib/x86_64-linux-gnu/libcrypto.so (found version "3.0.2")  
[1.612s] -- Found FastRTPS: /home/elytra/ros2_humble/install/fastrtps/include  
[1.687s] -- Using RMW implementation 'rmw_fastrtps_cpp' as default
[1.716s] -- Looking for pthread.h
[1.807s] -- Looking for pthread.h - found
[1.807s] -- Performing Test CMAKE_HAVE_LIBC_PTHREAD
[1.933s] -- Performing Test CMAKE_HAVE_LIBC_PTHREAD - Success
[1.934s] -- Found Threads: TRUE  
[2.003s] -- Found rclcpp_action: 16.0.12 (/home/elytra/ros2_humble/install/rclcpp_action/share/rclcpp_action/cmake)
[2.040s] -- Found sensor_msgs: 4.8.0 (/home/elytra/ros2_humble/install/sensor_msgs/share/sensor_msgs/cmake)
[2.082s] [31mCMake Error at CMakeLists.txt:25 (find_package):
[2.082s]   By not providing "Findturtlebot4_msgs.cmake" in CMAKE_MODULE_PATH this
[2.082s]   project has asked CMake to find a package configuration file provided by
[2.082s]   "turtlebot4_msgs", but CMake did not find one.
[2.082s] 
[2.082s]   Could not find a package configuration file provided by "turtlebot4_msgs"
[2.082s]   with any of the following names:
[2.082s] 
[2.082s]     turtlebot4_msgsConfig.cmake
[2.082s]     turtlebot4_msgs-config.cmake
[2.082s] 
[2.082s]   Add the installation prefix of "turtlebot4_msgs" to CMAKE_PREFIX_PATH or
[2.082s]   set "turtlebot4_msgs_DIR" to a directory containing one of the above files.
[2.082s]   If "turtlebot4_msgs" provides a separate development package or SDK, be
[2.082s]   sure it has been installed.
[2.082s] 
[2.082s] [0m
[2.082s] -- Configuring incomplete, errors occurred!
[2.083s] See also "/home/elytra/AdR/p2_ws/build/turtlebot4_gz_toolbox/CMakeFiles/CMakeOutput.log".
