[0.138s] DEBUG:colcon:Command line arguments: ['/usr/bin/colcon', 'build']
[0.138s] DEBUG:colcon:Parsed command line arguments: Namespace(log_base=None, log_level=None, verb_name='build', build_base='build', install_base='install', merge_install=False, symlink_install=False, test_result_base=None, continue_on_error=False, executor='parallel', parallel_workers=16, event_handlers=None, ignore_user_meta=False, metas=['./colcon.meta'], base_paths=['.'], packages_ignore=None, packages_ignore_regex=None, paths=None, packages_up_to=None, packages_up_to_regex=None, packages_above=None, packages_above_and_dependencies=None, packages_above_depth=None, packages_select_by_dep=None, packages_skip_by_dep=None, packages_skip_up_to=None, packages_select_build_failed=False, packages_skip_build_finished=False, packages_select_test_failures=False, packages_skip_test_passed=False, packages_select=None, packages_skip=None, packages_select_regex=None, packages_skip_regex=None, packages_start=None, packages_end=None, allow_overriding=[], cmake_args=None, cmake_target=None, cmake_target_skip_unavailable=False, cmake_clean_cache=False, cmake_clean_first=False, cmake_force_configure=False, ament_cmake_args=None, catkin_cmake_args=None, catkin_skip_building_tests=False, mixin_files=None, mixin=None, verb_parser=<colcon_mixin.mixin.mixin_argument.MixinArgumentDecorator object at 0x7b270ca88760>, verb_extension=<colcon_core.verb.build.BuildVerb object at 0x7b270ca09c30>, main=<bound method BuildVerb.main of <colcon_core.verb.build.BuildVerb object at 0x7b270ca09c30>>, mixin_verb=('build',))
[0.277s] Level 1:colcon.colcon_core.package_discovery:discover_packages(colcon_meta) check parameters
[0.277s] Level 1:colcon.colcon_core.package_discovery:discover_packages(recursive) check parameters
[0.277s] Level 1:colcon.colcon_core.package_discovery:discover_packages(ignore) check parameters
[0.277s] Level 1:colcon.colcon_core.package_discovery:discover_packages(path) check parameters
[0.277s] Level 1:colcon.colcon_core.package_discovery:discover_packages(colcon_meta) discover
[0.277s] Level 1:colcon.colcon_core.package_discovery:discover_packages(recursive) discover
[0.277s] INFO:colcon.colcon_core.package_discovery:Crawling recursively for packages in '/home/elytra/AdR/p2_ws'
[0.277s] Level 1:colcon.colcon_core.package_identification:_identify(.) by extensions ['ignore', 'ignore_ament_install']
[0.277s] Level 1:colcon.colcon_core.package_identification:_identify(.) by extension 'ignore'
[0.277s] Level 1:colcon.colcon_core.package_identification:_identify(.) by extension 'ignore_ament_install'
[0.277s] Level 1:colcon.colcon_core.package_identification:_identify(.) by extensions ['colcon_pkg']
[0.277s] Level 1:colcon.colcon_core.package_identification:_identify(.) by extension 'colcon_pkg'
[0.277s] Level 1:colcon.colcon_core.package_identification:_identify(.) by extensions ['colcon_meta']
[0.277s] Level 1:colcon.colcon_core.package_identification:_identify(.) by extension 'colcon_meta'
[0.277s] Level 1:colcon.colcon_core.package_identification:_identify(.) by extensions ['ros']
[0.277s] Level 1:colcon.colcon_core.package_identification:_identify(.) by extension 'ros'
[0.285s] Level 1:colcon.colcon_core.package_identification:_identify(.) by extensions ['cmake', 'python']
[0.285s] Level 1:colcon.colcon_core.package_identification:_identify(.) by extension 'cmake'
[0.285s] Level 1:colcon.colcon_core.package_identification:_identify(.) by extension 'python'
[0.285s] Level 1:colcon.colcon_core.package_identification:_identify(.) by extensions ['python_setup_py']
[0.285s] Level 1:colcon.colcon_core.package_identification:_identify(.) by extension 'python_setup_py'
[0.285s] Level 1:colcon.colcon_core.package_identification:_identify(build) by extensions ['ignore', 'ignore_ament_install']
[0.285s] Level 1:colcon.colcon_core.package_identification:_identify(build) by extension 'ignore'
[0.285s] Level 1:colcon.colcon_core.package_identification:_identify(build) ignored
[0.285s] Level 1:colcon.colcon_core.package_identification:_identify(install) by extensions ['ignore', 'ignore_ament_install']
[0.285s] Level 1:colcon.colcon_core.package_identification:_identify(install) by extension 'ignore'
[0.285s] Level 1:colcon.colcon_core.package_identification:_identify(install) ignored
[0.286s] Level 1:colcon.colcon_core.package_identification:_identify(log) by extensions ['ignore', 'ignore_ament_install']
[0.286s] Level 1:colcon.colcon_core.package_identification:_identify(log) by extension 'ignore'
[0.286s] Level 1:colcon.colcon_core.package_identification:_identify(log) ignored
[0.286s] Level 1:colcon.colcon_core.package_identification:_identify(src) by extensions ['ignore', 'ignore_ament_install']
[0.286s] Level 1:colcon.colcon_core.package_identification:_identify(src) by extension 'ignore'
[0.286s] Level 1:colcon.colcon_core.package_identification:_identify(src) by extension 'ignore_ament_install'
[0.286s] Level 1:colcon.colcon_core.package_identification:_identify(src) by extensions ['colcon_pkg']
[0.286s] Level 1:colcon.colcon_core.package_identification:_identify(src) by extension 'colcon_pkg'
[0.286s] Level 1:colcon.colcon_core.package_identification:_identify(src) by extensions ['colcon_meta']
[0.286s] Level 1:colcon.colcon_core.package_identification:_identify(src) by extension 'colcon_meta'
[0.286s] Level 1:colcon.colcon_core.package_identification:_identify(src) by extensions ['ros']
[0.286s] Level 1:colcon.colcon_core.package_identification:_identify(src) by extension 'ros'
[0.286s] Level 1:colcon.colcon_core.package_identification:_identify(src) by extensions ['cmake', 'python']
[0.286s] Level 1:colcon.colcon_core.package_identification:_identify(src) by extension 'cmake'
[0.286s] Level 1:colcon.colcon_core.package_identification:_identify(src) by extension 'python'
[0.286s] Level 1:colcon.colcon_core.package_identification:_identify(src) by extensions ['python_setup_py']
[0.286s] Level 1:colcon.colcon_core.package_identification:_identify(src) by extension 'python_setup_py'
[0.286s] Level 1:colcon.colcon_core.package_identification:_identify(src/p2_kf_adr) by extensions ['ignore', 'ignore_ament_install']
[0.286s] Level 1:colcon.colcon_core.package_identification:_identify(src/p2_kf_adr) by extension 'ignore'
[0.286s] Level 1:colcon.colcon_core.package_identification:_identify(src/p2_kf_adr) by extension 'ignore_ament_install'
[0.286s] Level 1:colcon.colcon_core.package_identification:_identify(src/p2_kf_adr) by extensions ['colcon_pkg']
[0.286s] Level 1:colcon.colcon_core.package_identification:_identify(src/p2_kf_adr) by extension 'colcon_pkg'
[0.286s] Level 1:colcon.colcon_core.package_identification:_identify(src/p2_kf_adr) by extensions ['colcon_meta']
[0.286s] Level 1:colcon.colcon_core.package_identification:_identify(src/p2_kf_adr) by extension 'colcon_meta'
[0.286s] Level 1:colcon.colcon_core.package_identification:_identify(src/p2_kf_adr) by extensions ['ros']
[0.286s] Level 1:colcon.colcon_core.package_identification:_identify(src/p2_kf_adr) by extension 'ros'
[0.288s] DEBUG:colcon.colcon_core.package_identification:Package 'src/p2_kf_adr' with type 'ros.ament_python' and name 'p2_kf_adr'
[0.288s] Level 1:colcon.colcon_core.package_identification:_identify(src/turtlebot4_simulator) by extensions ['ignore', 'ignore_ament_install']
[0.288s] Level 1:colcon.colcon_core.package_identification:_identify(src/turtlebot4_simulator) by extension 'ignore'
[0.288s] Level 1:colcon.colcon_core.package_identification:_identify(src/turtlebot4_simulator) by extension 'ignore_ament_install'
[0.288s] Level 1:colcon.colcon_core.package_identification:_identify(src/turtlebot4_simulator) by extensions ['colcon_pkg']
[0.289s] Level 1:colcon.colcon_core.package_identification:_identify(src/turtlebot4_simulator) by extension 'colcon_pkg'
[0.289s] Level 1:colcon.colcon_core.package_identification:_identify(src/turtlebot4_simulator) by extensions ['colcon_meta']
[0.289s] Level 1:colcon.colcon_core.package_identification:_identify(src/turtlebot4_simulator) by extension 'colcon_meta'
[0.289s] Level 1:colcon.colcon_core.package_identification:_identify(src/turtlebot4_simulator) by extensions ['ros']
[0.289s] Level 1:colcon.colcon_core.package_identification:_identify(src/turtlebot4_simulator) by extension 'ros'
[0.289s] Level 1:colcon.colcon_core.package_identification:_identify(src/turtlebot4_simulator) by extensions ['cmake', 'python']
[0.289s] Level 1:colcon.colcon_core.package_identification:_identify(src/turtlebot4_simulator) by extension 'cmake'
[0.289s] Level 1:colcon.colcon_core.package_identification:_identify(src/turtlebot4_simulator) by extension 'python'
[0.289s] Level 1:colcon.colcon_core.package_identification:_identify(src/turtlebot4_simulator) by extensions ['python_setup_py']
[0.289s] Level 1:colcon.colcon_core.package_identification:_identify(src/turtlebot4_simulator) by extension 'python_setup_py'
[0.289s] Level 1:colcon.colcon_core.package_identification:_identify(src/turtlebot4_simulator/turtlebot4_gz_bringup) by extensions ['ignore', 'ignore_ament_install']
[0.289s] Level 1:colcon.colcon_core.package_identification:_identify(src/turtlebot4_simulator/turtlebot4_gz_bringup) by extension 'ignore'
[0.289s] Level 1:colcon.colcon_core.package_identification:_identify(src/turtlebot4_simulator/turtlebot4_gz_bringup) by extension 'ignore_ament_install'
[0.289s] Level 1:colcon.colcon_core.package_identification:_identify(src/turtlebot4_simulator/turtlebot4_gz_bringup) by extensions ['colcon_pkg']
[0.289s] Level 1:colcon.colcon_core.package_identification:_identify(src/turtlebot4_simulator/turtlebot4_gz_bringup) by extension 'colcon_pkg'
[0.289s] Level 1:colcon.colcon_core.package_identification:_identify(src/turtlebot4_simulator/turtlebot4_gz_bringup) by extensions ['colcon_meta']
[0.289s] Level 1:colcon.colcon_core.package_identification:_identify(src/turtlebot4_simulator/turtlebot4_gz_bringup) by extension 'colcon_meta'
[0.289s] Level 1:colcon.colcon_core.package_identification:_identify(src/turtlebot4_simulator/turtlebot4_gz_bringup) by extensions ['ros']
[0.289s] Level 1:colcon.colcon_core.package_identification:_identify(src/turtlebot4_simulator/turtlebot4_gz_bringup) by extension 'ros'
[0.290s] DEBUG:colcon.colcon_core.package_identification:Package 'src/turtlebot4_simulator/turtlebot4_gz_bringup' with type 'ros.ament_cmake' and name 'turtlebot4_gz_bringup'
[0.290s] Level 1:colcon.colcon_core.package_identification:_identify(src/turtlebot4_simulator/turtlebot4_gz_gui_plugins) by extensions ['ignore', 'ignore_ament_install']
[0.290s] Level 1:colcon.colcon_core.package_identification:_identify(src/turtlebot4_simulator/turtlebot4_gz_gui_plugins) by extension 'ignore'
[0.290s] Level 1:colcon.colcon_core.package_identification:_identify(src/turtlebot4_simulator/turtlebot4_gz_gui_plugins) by extension 'ignore_ament_install'
[0.290s] Level 1:colcon.colcon_core.package_identification:_identify(src/turtlebot4_simulator/turtlebot4_gz_gui_plugins) by extensions ['colcon_pkg']
[0.290s] Level 1:colcon.colcon_core.package_identification:_identify(src/turtlebot4_simulator/turtlebot4_gz_gui_plugins) by extension 'colcon_pkg'
[0.290s] Level 1:colcon.colcon_core.package_identification:_identify(src/turtlebot4_simulator/turtlebot4_gz_gui_plugins) by extensions ['colcon_meta']
[0.290s] Level 1:colcon.colcon_core.package_identification:_identify(src/turtlebot4_simulator/turtlebot4_gz_gui_plugins) by extension 'colcon_meta'
[0.290s] Level 1:colcon.colcon_core.package_identification:_identify(src/turtlebot4_simulator/turtlebot4_gz_gui_plugins) by extensions ['ros']
[0.290s] Level 1:colcon.colcon_core.package_identification:_identify(src/turtlebot4_simulator/turtlebot4_gz_gui_plugins) by extension 'ros'
[0.291s] DEBUG:colcon.colcon_core.package_identification:Package 'src/turtlebot4_simulator/turtlebot4_gz_gui_plugins' with type 'ros.ament_cmake' and name 'turtlebot4_gz_gui_plugins'
[0.291s] Level 1:colcon.colcon_core.package_identification:_identify(src/turtlebot4_simulator/turtlebot4_gz_toolbox) by extensions ['ignore', 'ignore_ament_install']
[0.291s] Level 1:colcon.colcon_core.package_identification:_identify(src/turtlebot4_simulator/turtlebot4_gz_toolbox) by extension 'ignore'
[0.291s] Level 1:colcon.colcon_core.package_identification:_identify(src/turtlebot4_simulator/turtlebot4_gz_toolbox) by extension 'ignore_ament_install'
[0.291s] Level 1:colcon.colcon_core.package_identification:_identify(src/turtlebot4_simulator/turtlebot4_gz_toolbox) by extensions ['colcon_pkg']
[0.291s] Level 1:colcon.colcon_core.package_identification:_identify(src/turtlebot4_simulator/turtlebot4_gz_toolbox) by extension 'colcon_pkg'
[0.291s] Level 1:colcon.colcon_core.package_identification:_identify(src/turtlebot4_simulator/turtlebot4_gz_toolbox) by extensions ['colcon_meta']
[0.291s] Level 1:colcon.colcon_core.package_identification:_identify(src/turtlebot4_simulator/turtlebot4_gz_toolbox) by extension 'colcon_meta'
[0.291s] Level 1:colcon.colcon_core.package_identification:_identify(src/turtlebot4_simulator/turtlebot4_gz_toolbox) by extensions ['ros']
[0.291s] Level 1:colcon.colcon_core.package_identification:_identify(src/turtlebot4_simulator/turtlebot4_gz_toolbox) by extension 'ros'
[0.292s] DEBUG:colcon.colcon_core.package_identification:Package 'src/turtlebot4_simulator/turtlebot4_gz_toolbox' with type 'ros.ament_cmake' and name 'turtlebot4_gz_toolbox'
[0.292s] Level 1:colcon.colcon_core.package_identification:_identify(src/turtlebot4_simulator/turtlebot4_simulator) by extensions ['ignore', 'ignore_ament_install']
[0.292s] Level 1:colcon.colcon_core.package_identification:_identify(src/turtlebot4_simulator/turtlebot4_simulator) by extension 'ignore'
[0.292s] Level 1:colcon.colcon_core.package_identification:_identify(src/turtlebot4_simulator/turtlebot4_simulator) by extension 'ignore_ament_install'
[0.292s] Level 1:colcon.colcon_core.package_identification:_identify(src/turtlebot4_simulator/turtlebot4_simulator) by extensions ['colcon_pkg']
[0.292s] Level 1:colcon.colcon_core.package_identification:_identify(src/turtlebot4_simulator/turtlebot4_simulator) by extension 'colcon_pkg'
[0.292s] Level 1:colcon.colcon_core.package_identification:_identify(src/turtlebot4_simulator/turtlebot4_simulator) by extensions ['colcon_meta']
[0.292s] Level 1:colcon.colcon_core.package_identification:_identify(src/turtlebot4_simulator/turtlebot4_simulator) by extension 'colcon_meta'
[0.292s] Level 1:colcon.colcon_core.package_identification:_identify(src/turtlebot4_simulator/turtlebot4_simulator) by extensions ['ros']
[0.292s] Level 1:colcon.colcon_core.package_identification:_identify(src/turtlebot4_simulator/turtlebot4_simulator) by extension 'ros'
[0.292s] DEBUG:colcon.colcon_core.package_identification:Package 'src/turtlebot4_simulator/turtlebot4_simulator' with type 'ros.ament_cmake' and name 'turtlebot4_simulator'
[0.292s] Level 1:colcon.colcon_core.package_discovery:discover_packages(recursive) using defaults
[0.292s] Level 1:colcon.colcon_core.package_discovery:discover_packages(ignore) discover
[0.292s] Level 1:colcon.colcon_core.package_discovery:discover_packages(ignore) using defaults
[0.292s] Level 1:colcon.colcon_core.package_discovery:discover_packages(path) discover
[0.292s] Level 1:colcon.colcon_core.package_discovery:discover_packages(path) using defaults
[0.319s] Level 1:colcon.colcon_core.package_discovery:discover_packages(prefix_path) check parameters
[0.319s] Level 1:colcon.colcon_core.package_discovery:discover_packages(prefix_path) discover
[0.325s] DEBUG:colcon.colcon_installed_package_information.package_discovery:Found 1 installed packages in /home/elytra/AdR/p2_ws/src/p2_kf_adr/install
[0.330s] DEBUG:colcon.colcon_installed_package_information.package_discovery:Found 344 installed packages in /home/elytra/ros2_humble/install
[0.331s] Level 1:colcon.colcon_core.package_discovery:discover_packages(prefix_path) using defaults
[0.346s] Level 5:colcon.colcon_core.verb:set package 'p2_kf_adr' build argument 'cmake_args' from command line to 'None'
[0.346s] Level 5:colcon.colcon_core.verb:set package 'p2_kf_adr' build argument 'cmake_target' from command line to 'None'
[0.346s] Level 5:colcon.colcon_core.verb:set package 'p2_kf_adr' build argument 'cmake_target_skip_unavailable' from command line to 'False'
[0.346s] Level 5:colcon.colcon_core.verb:set package 'p2_kf_adr' build argument 'cmake_clean_cache' from command line to 'False'
[0.346s] Level 5:colcon.colcon_core.verb:set package 'p2_kf_adr' build argument 'cmake_clean_first' from command line to 'False'
[0.346s] Level 5:colcon.colcon_core.verb:set package 'p2_kf_adr' build argument 'cmake_force_configure' from command line to 'False'
[0.346s] Level 5:colcon.colcon_core.verb:set package 'p2_kf_adr' build argument 'ament_cmake_args' from command line to 'None'
[0.346s] Level 5:colcon.colcon_core.verb:set package 'p2_kf_adr' build argument 'catkin_cmake_args' from command line to 'None'
[0.346s] Level 5:colcon.colcon_core.verb:set package 'p2_kf_adr' build argument 'catkin_skip_building_tests' from command line to 'False'
[0.346s] DEBUG:colcon.colcon_core.verb:Building package 'p2_kf_adr' with the following arguments: {'ament_cmake_args': None, 'build_base': '/home/elytra/AdR/p2_ws/build/p2_kf_adr', 'catkin_cmake_args': None, 'catkin_skip_building_tests': False, 'cmake_args': None, 'cmake_clean_cache': False, 'cmake_clean_first': False, 'cmake_force_configure': False, 'cmake_target': None, 'cmake_target_skip_unavailable': False, 'install_base': '/home/elytra/AdR/p2_ws/install/p2_kf_adr', 'merge_install': False, 'path': '/home/elytra/AdR/p2_ws/src/p2_kf_adr', 'symlink_install': False, 'test_result_base': None}
[0.346s] Level 5:colcon.colcon_core.verb:set package 'turtlebot4_gz_gui_plugins' build argument 'cmake_args' from command line to 'None'
[0.346s] Level 5:colcon.colcon_core.verb:set package 'turtlebot4_gz_gui_plugins' build argument 'cmake_target' from command line to 'None'
[0.346s] Level 5:colcon.colcon_core.verb:set package 'turtlebot4_gz_gui_plugins' build argument 'cmake_target_skip_unavailable' from command line to 'False'
[0.346s] Level 5:colcon.colcon_core.verb:set package 'turtlebot4_gz_gui_plugins' build argument 'cmake_clean_cache' from command line to 'False'
[0.346s] Level 5:colcon.colcon_core.verb:set package 'turtlebot4_gz_gui_plugins' build argument 'cmake_clean_first' from command line to 'False'
[0.346s] Level 5:colcon.colcon_core.verb:set package 'turtlebot4_gz_gui_plugins' build argument 'cmake_force_configure' from command line to 'False'
[0.346s] Level 5:colcon.colcon_core.verb:set package 'turtlebot4_gz_gui_plugins' build argument 'ament_cmake_args' from command line to 'None'
[0.346s] Level 5:colcon.colcon_core.verb:set package 'turtlebot4_gz_gui_plugins' build argument 'catkin_cmake_args' from command line to 'None'
[0.346s] Level 5:colcon.colcon_core.verb:set package 'turtlebot4_gz_gui_plugins' build argument 'catkin_skip_building_tests' from command line to 'False'
[0.346s] DEBUG:colcon.colcon_core.verb:Building package 'turtlebot4_gz_gui_plugins' with the following arguments: {'ament_cmake_args': None, 'build_base': '/home/elytra/AdR/p2_ws/build/turtlebot4_gz_gui_plugins', 'catkin_cmake_args': None, 'catkin_skip_building_tests': False, 'cmake_args': None, 'cmake_clean_cache': False, 'cmake_clean_first': False, 'cmake_force_configure': False, 'cmake_target': None, 'cmake_target_skip_unavailable': False, 'install_base': '/home/elytra/AdR/p2_ws/install/turtlebot4_gz_gui_plugins', 'merge_install': False, 'path': '/home/elytra/AdR/p2_ws/src/turtlebot4_simulator/turtlebot4_gz_gui_plugins', 'symlink_install': False, 'test_result_base': None}
[0.347s] Level 5:colcon.colcon_core.verb:set package 'turtlebot4_gz_toolbox' build argument 'cmake_args' from command line to 'None'
[0.347s] Level 5:colcon.colcon_core.verb:set package 'turtlebot4_gz_toolbox' build argument 'cmake_target' from command line to 'None'
[0.347s] Level 5:colcon.colcon_core.verb:set package 'turtlebot4_gz_toolbox' build argument 'cmake_target_skip_unavailable' from command line to 'False'
[0.347s] Level 5:colcon.colcon_core.verb:set package 'turtlebot4_gz_toolbox' build argument 'cmake_clean_cache' from command line to 'False'
[0.347s] Level 5:colcon.colcon_core.verb:set package 'turtlebot4_gz_toolbox' build argument 'cmake_clean_first' from command line to 'False'
[0.347s] Level 5:colcon.colcon_core.verb:set package 'turtlebot4_gz_toolbox' build argument 'cmake_force_configure' from command line to 'False'
[0.347s] Level 5:colcon.colcon_core.verb:set package 'turtlebot4_gz_toolbox' build argument 'ament_cmake_args' from command line to 'None'
[0.347s] Level 5:colcon.colcon_core.verb:set package 'turtlebot4_gz_toolbox' build argument 'catkin_cmake_args' from command line to 'None'
[0.347s] Level 5:colcon.colcon_core.verb:set package 'turtlebot4_gz_toolbox' build argument 'catkin_skip_building_tests' from command line to 'False'
[0.347s] DEBUG:colcon.colcon_core.verb:Building package 'turtlebot4_gz_toolbox' with the following arguments: {'ament_cmake_args': None, 'build_base': '/home/elytra/AdR/p2_ws/build/turtlebot4_gz_toolbox', 'catkin_cmake_args': None, 'catkin_skip_building_tests': False, 'cmake_args': None, 'cmake_clean_cache': False, 'cmake_clean_first': False, 'cmake_force_configure': False, 'cmake_target': None, 'cmake_target_skip_unavailable': False, 'install_base': '/home/elytra/AdR/p2_ws/install/turtlebot4_gz_toolbox', 'merge_install': False, 'path': '/home/elytra/AdR/p2_ws/src/turtlebot4_simulator/turtlebot4_gz_toolbox', 'symlink_install': False, 'test_result_base': None}
[0.347s] Level 5:colcon.colcon_core.verb:set package 'turtlebot4_gz_bringup' build argument 'cmake_args' from command line to 'None'
[0.347s] Level 5:colcon.colcon_core.verb:set package 'turtlebot4_gz_bringup' build argument 'cmake_target' from command line to 'None'
[0.347s] Level 5:colcon.colcon_core.verb:set package 'turtlebot4_gz_bringup' build argument 'cmake_target_skip_unavailable' from command line to 'False'
[0.347s] Level 5:colcon.colcon_core.verb:set package 'turtlebot4_gz_bringup' build argument 'cmake_clean_cache' from command line to 'False'
[0.347s] Level 5:colcon.colcon_core.verb:set package 'turtlebot4_gz_bringup' build argument 'cmake_clean_first' from command line to 'False'
[0.347s] Level 5:colcon.colcon_core.verb:set package 'turtlebot4_gz_bringup' build argument 'cmake_force_configure' from command line to 'False'
[0.347s] Level 5:colcon.colcon_core.verb:set package 'turtlebot4_gz_bringup' build argument 'ament_cmake_args' from command line to 'None'
[0.347s] Level 5:colcon.colcon_core.verb:set package 'turtlebot4_gz_bringup' build argument 'catkin_cmake_args' from command line to 'None'
[0.347s] Level 5:colcon.colcon_core.verb:set package 'turtlebot4_gz_bringup' build argument 'catkin_skip_building_tests' from command line to 'False'
[0.347s] DEBUG:colcon.colcon_core.verb:Building package 'turtlebot4_gz_bringup' with the following arguments: {'ament_cmake_args': None, 'build_base': '/home/elytra/AdR/p2_ws/build/turtlebot4_gz_bringup', 'catkin_cmake_args': None, 'catkin_skip_building_tests': False, 'cmake_args': None, 'cmake_clean_cache': False, 'cmake_clean_first': False, 'cmake_force_configure': False, 'cmake_target': None, 'cmake_target_skip_unavailable': False, 'install_base': '/home/elytra/AdR/p2_ws/install/turtlebot4_gz_bringup', 'merge_install': False, 'path': '/home/elytra/AdR/p2_ws/src/turtlebot4_simulator/turtlebot4_gz_bringup', 'symlink_install': False, 'test_result_base': None}
[0.347s] Level 5:colcon.colcon_core.verb:set package 'turtlebot4_simulator' build argument 'cmake_args' from command line to 'None'
[0.347s] Level 5:colcon.colcon_core.verb:set package 'turtlebot4_simulator' build argument 'cmake_target' from command line to 'None'
[0.347s] Level 5:colcon.colcon_core.verb:set package 'turtlebot4_simulator' build argument 'cmake_target_skip_unavailable' from command line to 'False'
[0.347s] Level 5:colcon.colcon_core.verb:set package 'turtlebot4_simulator' build argument 'cmake_clean_cache' from command line to 'False'
[0.347s] Level 5:colcon.colcon_core.verb:set package 'turtlebot4_simulator' build argument 'cmake_clean_first' from command line to 'False'
[0.347s] Level 5:colcon.colcon_core.verb:set package 'turtlebot4_simulator' build argument 'cmake_force_configure' from command line to 'False'
[0.347s] Level 5:colcon.colcon_core.verb:set package 'turtlebot4_simulator' build argument 'ament_cmake_args' from command line to 'None'
[0.347s] Level 5:colcon.colcon_core.verb:set package 'turtlebot4_simulator' build argument 'catkin_cmake_args' from command line to 'None'
[0.347s] Level 5:colcon.colcon_core.verb:set package 'turtlebot4_simulator' build argument 'catkin_skip_building_tests' from command line to 'False'
[0.347s] DEBUG:colcon.colcon_core.verb:Building package 'turtlebot4_simulator' with the following arguments: {'ament_cmake_args': None, 'build_base': '/home/elytra/AdR/p2_ws/build/turtlebot4_simulator', 'catkin_cmake_args': None, 'catkin_skip_building_tests': False, 'cmake_args': None, 'cmake_clean_cache': False, 'cmake_clean_first': False, 'cmake_force_configure': False, 'cmake_target': None, 'cmake_target_skip_unavailable': False, 'install_base': '/home/elytra/AdR/p2_ws/install/turtlebot4_simulator', 'merge_install': False, 'path': '/home/elytra/AdR/p2_ws/src/turtlebot4_simulator/turtlebot4_simulator', 'symlink_install': False, 'test_result_base': None}
[0.348s] INFO:colcon.colcon_core.executor:Executing jobs using 'parallel' executor
[0.348s] DEBUG:colcon.colcon_parallel_executor.executor.parallel:run_until_complete
[0.348s] INFO:colcon.colcon_ros.task.ament_cmake.build:Building ROS package in '/home/elytra/AdR/p2_ws/src/turtlebot4_simulator/turtlebot4_gz_gui_plugins' with build type 'ament_cmake'
[0.348s] INFO:colcon.colcon_cmake.task.cmake.build:Building CMake package in '/home/elytra/AdR/p2_ws/src/turtlebot4_simulator/turtlebot4_gz_gui_plugins'
[0.352s] INFO:colcon.colcon_core.plugin_system:Skipping extension 'colcon_core.shell.bat': Not used on non-Windows systems
[0.352s] INFO:colcon.colcon_core.shell:Skip shell extension 'powershell' for command environment: Not usable outside of PowerShell
[0.352s] DEBUG:colcon.colcon_core.shell:Skip shell extension 'dsv' for command environment
[0.364s] INFO:colcon.colcon_ros.task.ament_cmake.build:Building ROS package in '/home/elytra/AdR/p2_ws/src/turtlebot4_simulator/turtlebot4_gz_toolbox' with build type 'ament_cmake'
[0.364s] INFO:colcon.colcon_cmake.task.cmake.build:Building CMake package in '/home/elytra/AdR/p2_ws/src/turtlebot4_simulator/turtlebot4_gz_toolbox'
[0.364s] INFO:colcon.colcon_core.shell:Skip shell extension 'powershell' for command environment: Not usable outside of PowerShell
[0.364s] DEBUG:colcon.colcon_core.shell:Skip shell extension 'dsv' for command environment
[0.375s] INFO:colcon.colcon_ros.task.ament_python.build:Building ROS package in '/home/elytra/AdR/p2_ws/src/p2_kf_adr' with build type 'ament_python'
[0.375s] Level 1:colcon.colcon_core.shell:create_environment_hook('p2_kf_adr', 'ament_prefix_path')
[0.375s] INFO:colcon.colcon_core.shell:Creating environment hook '/home/elytra/AdR/p2_ws/install/p2_kf_adr/share/p2_kf_adr/hook/ament_prefix_path.ps1'
[0.376s] INFO:colcon.colcon_core.shell:Creating environment descriptor '/home/elytra/AdR/p2_ws/install/p2_kf_adr/share/p2_kf_adr/hook/ament_prefix_path.dsv'
[0.376s] INFO:colcon.colcon_core.shell:Creating environment hook '/home/elytra/AdR/p2_ws/install/p2_kf_adr/share/p2_kf_adr/hook/ament_prefix_path.sh'
[0.376s] INFO:colcon.colcon_core.shell:Skip shell extension 'powershell' for command environment: Not usable outside of PowerShell
[0.377s] DEBUG:colcon.colcon_core.shell:Skip shell extension 'dsv' for command environment
[0.391s] DEBUG:colcon.colcon_core.event_handler.log_command:Invoking command in '/home/elytra/AdR/p2_ws/build/turtlebot4_gz_gui_plugins': CMAKE_PREFIX_PATH=${CMAKE_PREFIX_PATH}:/home/elytra/AdR/p2_ws/src/p2_kf_adr/install/p2_kf_adr:/home/elytra/ros2_humble/install/rqt_bag_plugins:/home/elytra/ros2_humble/install/rqt_bag:/home/elytra/ros2_humble/install/launch_testing_examples:/home/elytra/ros2_humble/install/ros2bag:/home/elytra/ros2_humble/install/tracetools_test:/home/elytra/ros2_humble/install/tracetools_launch:/home/elytra/ros2_humble/install/topic_monitor:/home/elytra/ros2_humble/install/tf2_tools:/home/elytra/ros2_humble/install/examples_tf2_py:/home/elytra/ros2_humble/install/tf2_ros_py:/home/elytra/ros2_humble/install/sros2:/home/elytra/ros2_humble/install/rqt_srv:/home/elytra/ros2_humble/install/rqt_shell:/home/elytra/ros2_humble/install/rqt_service_caller:/home/elytra/ros2_humble/install/rqt_reconfigure:/home/elytra/ros2_humble/install/rqt_py_console:/home/elytra/ros2_humble/install/rqt_publisher:/home/elytra/ros2_humble/install/rqt_plot:/home/elytra/ros2_humble/install/rqt_action:/home/elytra/ros2_humble/install/rqt_msg:/home/elytra/ros2_humble/install/rqt_console:/home/elytra/ros2_humble/install/rqt:/home/elytra/ros2_humble/install/rqt_graph:/home/elytra/ros2_humble/install/rqt_gui_py:/home/elytra/ros2_humble/install/rqt_gui:/home/elytra/ros2_humble/install/ros2trace:/home/elytra/ros2_humble/install/ros2topic:/home/elytra/ros2_humble/install/ros2test:/home/elytra/ros2_humble/install/ros2component:/home/elytra/ros2_humble/install/ros2param:/home/elytra/ros2_humble/install/ros2lifecycle:/home/elytra/ros2_humble/install/ros2service:/home/elytra/ros2_humble/install/ros2run:/home/elytra/ros2_humble/install/ros2launch:/home/elytra/ros2_humble/install/ros2pkg:/home/elytra/ros2_humble/install/ros2node:/home/elytra/ros2_humble/install/ros2multicast:/home/elytra/ros2_humble/install/ros2interface:/home/elytra/ros2_humble/install/ros2doctor:/home/elytra/ros2_humble/install/ros2action:/home/elytra/ros2_humble/install/ros2cli:/home/elytra/ros2_humble/install/quality_of_service_demo_py:/home/elytra/ros2_humble/install/lifecycle_py:/home/elytra/ros2_humble/install/launch_testing_ros:/home/elytra/ros2_humble/install/launch_ros:/home/elytra/ros2_humble/install/examples_rclpy_pointcloud_publisher:/home/elytra/ros2_humble/install/examples_rclpy_minimal_subscriber:/home/elytra/ros2_humble/install/examples_rclpy_minimal_service:/home/elytra/ros2_humble/install/examples_rclpy_minimal_publisher:/home/elytra/ros2_humble/install/examples_rclpy_minimal_client:/home/elytra/ros2_humble/install/examples_rclpy_minimal_action_server:/home/elytra/ros2_humble/install/examples_rclpy_minimal_action_client:/home/elytra/ros2_humble/install/examples_rclpy_guard_conditions:/home/elytra/ros2_humble/install/examples_rclpy_executors:/home/elytra/ros2_humble/install/demo_nodes_py:/home/elytra/ros2_humble/install/camera_info_manager_py:/home/elytra/ros2_humble/install/action_tutorials_py:/home/elytra/ros2_humble/install/ament_uncrustify:/home/elytra/ros2_humble/install/tracetools_trace:/home/elytra/ros2_humble/install/tracetools_read:/home/elytra/ros2_humble/install/test_tracetools_launch:/home/elytra/ros2_humble/install/test_launch_ros:/home/elytra/ros2_humble/install/sensor_msgs_py:/home/elytra/ros2_humble/install/rpyutils:/home/elytra/ros2_humble/install/rosidl_runtime_py:/home/elytra/ros2_humble/install/rosidl_cli:/home/elytra/ros2_humble/install/launch_pytest:/home/elytra/ros2_humble/install/launch_testing:/home/elytra/ros2_humble/install/launch_yaml:/home/elytra/ros2_humble/install/launch_xml:/home/elytra/ros2_humble/install/launch:/home/elytra/ros2_humble/install/osrf_pycommon:/home/elytra/ros2_humble/install/domain_coordinator:/home/elytra/ros2_humble/install/ament_xmllint:/home/elytra/ros2_humble/install/ament_pyflakes:/home/elytra/ros2_humble/install/ament_pycodestyle:/home/elytra/ros2_humble/install/ament_pep257:/home/elytra/ros2_humble/install/ament_pclint:/home/elytra/ros2_humble/install/ament_package:/home/elytra/ros2_humble/install/ament_mypy:/home/elytra/ros2_humble/install/ament_lint_cmake:/home/elytra/ros2_humble/install/ament_flake8:/home/elytra/ros2_humble/install/ament_copyright:/home/elytra/ros2_humble/install/ament_lint:/home/elytra/ros2_humble/install/ament_index_python:/home/elytra/ros2_humble/install/ament_cpplint:/home/elytra/ros2_humble/install/ament_cppcheck:/home/elytra/ros2_humble/install/ament_clang_tidy:/home/elytra/ros2_humble/install/ament_clang_format /usr/bin/cmake /home/elytra/AdR/p2_ws/src/turtlebot4_simulator/turtlebot4_gz_gui_plugins -DCMAKE_INSTALL_PREFIX=/home/elytra/AdR/p2_ws/install/turtlebot4_gz_gui_plugins
[0.397s] DEBUG:colcon.colcon_core.event_handler.log_command:Invoking command in '/home/elytra/AdR/p2_ws/build/turtlebot4_gz_toolbox': CMAKE_PREFIX_PATH=${CMAKE_PREFIX_PATH}:/home/elytra/AdR/p2_ws/src/p2_kf_adr/install/p2_kf_adr:/home/elytra/ros2_humble/install/rqt_bag_plugins:/home/elytra/ros2_humble/install/rqt_bag:/home/elytra/ros2_humble/install/launch_testing_examples:/home/elytra/ros2_humble/install/ros2bag:/home/elytra/ros2_humble/install/tracetools_test:/home/elytra/ros2_humble/install/tracetools_launch:/home/elytra/ros2_humble/install/topic_monitor:/home/elytra/ros2_humble/install/tf2_tools:/home/elytra/ros2_humble/install/examples_tf2_py:/home/elytra/ros2_humble/install/tf2_ros_py:/home/elytra/ros2_humble/install/sros2:/home/elytra/ros2_humble/install/rqt_srv:/home/elytra/ros2_humble/install/rqt_shell:/home/elytra/ros2_humble/install/rqt_service_caller:/home/elytra/ros2_humble/install/rqt_reconfigure:/home/elytra/ros2_humble/install/rqt_py_console:/home/elytra/ros2_humble/install/rqt_publisher:/home/elytra/ros2_humble/install/rqt_plot:/home/elytra/ros2_humble/install/rqt_action:/home/elytra/ros2_humble/install/rqt_msg:/home/elytra/ros2_humble/install/rqt_console:/home/elytra/ros2_humble/install/rqt:/home/elytra/ros2_humble/install/rqt_graph:/home/elytra/ros2_humble/install/rqt_gui_py:/home/elytra/ros2_humble/install/rqt_gui:/home/elytra/ros2_humble/install/ros2trace:/home/elytra/ros2_humble/install/ros2topic:/home/elytra/ros2_humble/install/ros2test:/home/elytra/ros2_humble/install/ros2component:/home/elytra/ros2_humble/install/ros2param:/home/elytra/ros2_humble/install/ros2lifecycle:/home/elytra/ros2_humble/install/ros2service:/home/elytra/ros2_humble/install/ros2run:/home/elytra/ros2_humble/install/ros2launch:/home/elytra/ros2_humble/install/ros2pkg:/home/elytra/ros2_humble/install/ros2node:/home/elytra/ros2_humble/install/ros2multicast:/home/elytra/ros2_humble/install/ros2interface:/home/elytra/ros2_humble/install/ros2doctor:/home/elytra/ros2_humble/install/ros2action:/home/elytra/ros2_humble/install/ros2cli:/home/elytra/ros2_humble/install/quality_of_service_demo_py:/home/elytra/ros2_humble/install/lifecycle_py:/home/elytra/ros2_humble/install/launch_testing_ros:/home/elytra/ros2_humble/install/launch_ros:/home/elytra/ros2_humble/install/examples_rclpy_pointcloud_publisher:/home/elytra/ros2_humble/install/examples_rclpy_minimal_subscriber:/home/elytra/ros2_humble/install/examples_rclpy_minimal_service:/home/elytra/ros2_humble/install/examples_rclpy_minimal_publisher:/home/elytra/ros2_humble/install/examples_rclpy_minimal_client:/home/elytra/ros2_humble/install/examples_rclpy_minimal_action_server:/home/elytra/ros2_humble/install/examples_rclpy_minimal_action_client:/home/elytra/ros2_humble/install/examples_rclpy_guard_conditions:/home/elytra/ros2_humble/install/examples_rclpy_executors:/home/elytra/ros2_humble/install/demo_nodes_py:/home/elytra/ros2_humble/install/camera_info_manager_py:/home/elytra/ros2_humble/install/action_tutorials_py:/home/elytra/ros2_humble/install/ament_uncrustify:/home/elytra/ros2_humble/install/tracetools_trace:/home/elytra/ros2_humble/install/tracetools_read:/home/elytra/ros2_humble/install/test_tracetools_launch:/home/elytra/ros2_humble/install/test_launch_ros:/home/elytra/ros2_humble/install/sensor_msgs_py:/home/elytra/ros2_humble/install/rpyutils:/home/elytra/ros2_humble/install/rosidl_runtime_py:/home/elytra/ros2_humble/install/rosidl_cli:/home/elytra/ros2_humble/install/launch_pytest:/home/elytra/ros2_humble/install/launch_testing:/home/elytra/ros2_humble/install/launch_yaml:/home/elytra/ros2_humble/install/launch_xml:/home/elytra/ros2_humble/install/launch:/home/elytra/ros2_humble/install/osrf_pycommon:/home/elytra/ros2_humble/install/domain_coordinator:/home/elytra/ros2_humble/install/ament_xmllint:/home/elytra/ros2_humble/install/ament_pyflakes:/home/elytra/ros2_humble/install/ament_pycodestyle:/home/elytra/ros2_humble/install/ament_pep257:/home/elytra/ros2_humble/install/ament_pclint:/home/elytra/ros2_humble/install/ament_package:/home/elytra/ros2_humble/install/ament_mypy:/home/elytra/ros2_humble/install/ament_lint_cmake:/home/elytra/ros2_humble/install/ament_flake8:/home/elytra/ros2_humble/install/ament_copyright:/home/elytra/ros2_humble/install/ament_lint:/home/elytra/ros2_humble/install/ament_index_python:/home/elytra/ros2_humble/install/ament_cpplint:/home/elytra/ros2_humble/install/ament_cppcheck:/home/elytra/ros2_humble/install/ament_clang_tidy:/home/elytra/ros2_humble/install/ament_clang_format /usr/bin/cmake /home/elytra/AdR/p2_ws/src/turtlebot4_simulator/turtlebot4_gz_toolbox -DCMAKE_INSTALL_PREFIX=/home/elytra/AdR/p2_ws/install/turtlebot4_gz_toolbox
[0.713s] INFO:colcon.colcon_core.task.python.build:Building Python package in '/home/elytra/AdR/p2_ws/src/p2_kf_adr'
[0.714s] INFO:colcon.colcon_core.shell:Skip shell extension 'powershell' for command environment: Not usable outside of PowerShell
[0.714s] DEBUG:colcon.colcon_core.shell:Skip shell extension 'dsv' for command environment
[1.175s] DEBUG:colcon.colcon_core.event_handler.log_command:Invoking command in '/home/elytra/AdR/p2_ws/src/p2_kf_adr': PYTHONPATH=/home/elytra/AdR/p2_ws/build/p2_kf_adr/prefix_override:/usr/lib/python3/dist-packages/colcon_core/task/python/colcon_distutils_commands:/home/elytra/AdR/p2_ws/install/p2_kf_adr/lib/python3.10/site-packages:${PYTHONPATH} /usr/bin/python3 -W ignore:setup.py install is deprecated -W ignore:easy_install command is deprecated setup.py egg_info --egg-base ../../build/p2_kf_adr build --build-base /home/elytra/AdR/p2_ws/build/p2_kf_adr/build install --record /home/elytra/AdR/p2_ws/build/p2_kf_adr/install.log --single-version-externally-managed install_data
[1.427s] DEBUG:colcon.colcon_core.event_handler.log_command:Invoked command in '/home/elytra/AdR/p2_ws/build/turtlebot4_gz_gui_plugins' returned '1': CMAKE_PREFIX_PATH=${CMAKE_PREFIX_PATH}:/home/elytra/AdR/p2_ws/src/p2_kf_adr/install/p2_kf_adr:/home/elytra/ros2_humble/install/rqt_bag_plugins:/home/elytra/ros2_humble/install/rqt_bag:/home/elytra/ros2_humble/install/launch_testing_examples:/home/elytra/ros2_humble/install/ros2bag:/home/elytra/ros2_humble/install/tracetools_test:/home/elytra/ros2_humble/install/tracetools_launch:/home/elytra/ros2_humble/install/topic_monitor:/home/elytra/ros2_humble/install/tf2_tools:/home/elytra/ros2_humble/install/examples_tf2_py:/home/elytra/ros2_humble/install/tf2_ros_py:/home/elytra/ros2_humble/install/sros2:/home/elytra/ros2_humble/install/rqt_srv:/home/elytra/ros2_humble/install/rqt_shell:/home/elytra/ros2_humble/install/rqt_service_caller:/home/elytra/ros2_humble/install/rqt_reconfigure:/home/elytra/ros2_humble/install/rqt_py_console:/home/elytra/ros2_humble/install/rqt_publisher:/home/elytra/ros2_humble/install/rqt_plot:/home/elytra/ros2_humble/install/rqt_action:/home/elytra/ros2_humble/install/rqt_msg:/home/elytra/ros2_humble/install/rqt_console:/home/elytra/ros2_humble/install/rqt:/home/elytra/ros2_humble/install/rqt_graph:/home/elytra/ros2_humble/install/rqt_gui_py:/home/elytra/ros2_humble/install/rqt_gui:/home/elytra/ros2_humble/install/ros2trace:/home/elytra/ros2_humble/install/ros2topic:/home/elytra/ros2_humble/install/ros2test:/home/elytra/ros2_humble/install/ros2component:/home/elytra/ros2_humble/install/ros2param:/home/elytra/ros2_humble/install/ros2lifecycle:/home/elytra/ros2_humble/install/ros2service:/home/elytra/ros2_humble/install/ros2run:/home/elytra/ros2_humble/install/ros2launch:/home/elytra/ros2_humble/install/ros2pkg:/home/elytra/ros2_humble/install/ros2node:/home/elytra/ros2_humble/install/ros2multicast:/home/elytra/ros2_humble/install/ros2interface:/home/elytra/ros2_humble/install/ros2doctor:/home/elytra/ros2_humble/install/ros2action:/home/elytra/ros2_humble/install/ros2cli:/home/elytra/ros2_humble/install/quality_of_service_demo_py:/home/elytra/ros2_humble/install/lifecycle_py:/home/elytra/ros2_humble/install/launch_testing_ros:/home/elytra/ros2_humble/install/launch_ros:/home/elytra/ros2_humble/install/examples_rclpy_pointcloud_publisher:/home/elytra/ros2_humble/install/examples_rclpy_minimal_subscriber:/home/elytra/ros2_humble/install/examples_rclpy_minimal_service:/home/elytra/ros2_humble/install/examples_rclpy_minimal_publisher:/home/elytra/ros2_humble/install/examples_rclpy_minimal_client:/home/elytra/ros2_humble/install/examples_rclpy_minimal_action_server:/home/elytra/ros2_humble/install/examples_rclpy_minimal_action_client:/home/elytra/ros2_humble/install/examples_rclpy_guard_conditions:/home/elytra/ros2_humble/install/examples_rclpy_executors:/home/elytra/ros2_humble/install/demo_nodes_py:/home/elytra/ros2_humble/install/camera_info_manager_py:/home/elytra/ros2_humble/install/action_tutorials_py:/home/elytra/ros2_humble/install/ament_uncrustify:/home/elytra/ros2_humble/install/tracetools_trace:/home/elytra/ros2_humble/install/tracetools_read:/home/elytra/ros2_humble/install/test_tracetools_launch:/home/elytra/ros2_humble/install/test_launch_ros:/home/elytra/ros2_humble/install/sensor_msgs_py:/home/elytra/ros2_humble/install/rpyutils:/home/elytra/ros2_humble/install/rosidl_runtime_py:/home/elytra/ros2_humble/install/rosidl_cli:/home/elytra/ros2_humble/install/launch_pytest:/home/elytra/ros2_humble/install/launch_testing:/home/elytra/ros2_humble/install/launch_yaml:/home/elytra/ros2_humble/install/launch_xml:/home/elytra/ros2_humble/install/launch:/home/elytra/ros2_humble/install/osrf_pycommon:/home/elytra/ros2_humble/install/domain_coordinator:/home/elytra/ros2_humble/install/ament_xmllint:/home/elytra/ros2_humble/install/ament_pyflakes:/home/elytra/ros2_humble/install/ament_pycodestyle:/home/elytra/ros2_humble/install/ament_pep257:/home/elytra/ros2_humble/install/ament_pclint:/home/elytra/ros2_humble/install/ament_package:/home/elytra/ros2_humble/install/ament_mypy:/home/elytra/ros2_humble/install/ament_lint_cmake:/home/elytra/ros2_humble/install/ament_flake8:/home/elytra/ros2_humble/install/ament_copyright:/home/elytra/ros2_humble/install/ament_lint:/home/elytra/ros2_humble/install/ament_index_python:/home/elytra/ros2_humble/install/ament_cpplint:/home/elytra/ros2_humble/install/ament_cppcheck:/home/elytra/ros2_humble/install/ament_clang_tidy:/home/elytra/ros2_humble/install/ament_clang_format /usr/bin/cmake /home/elytra/AdR/p2_ws/src/turtlebot4_simulator/turtlebot4_gz_gui_plugins -DCMAKE_INSTALL_PREFIX=/home/elytra/AdR/p2_ws/install/turtlebot4_gz_gui_plugins
[1.443s] Level 1:colcon.colcon_core.environment:create_environment_scripts_only(turtlebot4_gz_gui_plugins)
[1.449s] Level 1:colcon.colcon_core.environment:checking '/home/elytra/AdR/p2_ws/install/turtlebot4_gz_gui_plugins' for CMake module files
[1.450s] Level 1:colcon.colcon_core.environment:checking '/home/elytra/AdR/p2_ws/install/turtlebot4_gz_gui_plugins' for CMake config files
[1.450s] Level 1:colcon.colcon_core.environment:checking '/home/elytra/AdR/p2_ws/install/turtlebot4_gz_gui_plugins/bin'
[1.450s] Level 1:colcon.colcon_core.environment:checking '/home/elytra/AdR/p2_ws/install/turtlebot4_gz_gui_plugins/lib/pkgconfig/turtlebot4_gz_gui_plugins.pc'
[1.450s] Level 1:colcon.colcon_core.environment:checking '/home/elytra/AdR/p2_ws/install/turtlebot4_gz_gui_plugins/lib/python3.10/site-packages'
[1.451s] Level 1:colcon.colcon_core.environment:checking '/home/elytra/AdR/p2_ws/install/turtlebot4_gz_gui_plugins/bin'
[1.451s] INFO:colcon.colcon_core.shell:Creating package script '/home/elytra/AdR/p2_ws/install/turtlebot4_gz_gui_plugins/share/turtlebot4_gz_gui_plugins/package.ps1'
[1.452s] INFO:colcon.colcon_core.shell:Creating package descriptor '/home/elytra/AdR/p2_ws/install/turtlebot4_gz_gui_plugins/share/turtlebot4_gz_gui_plugins/package.dsv'
[1.452s] INFO:colcon.colcon_core.shell:Creating package script '/home/elytra/AdR/p2_ws/install/turtlebot4_gz_gui_plugins/share/turtlebot4_gz_gui_plugins/package.sh'
[1.453s] INFO:colcon.colcon_core.shell:Creating package script '/home/elytra/AdR/p2_ws/install/turtlebot4_gz_gui_plugins/share/turtlebot4_gz_gui_plugins/package.bash'
[1.454s] INFO:colcon.colcon_core.shell:Creating package script '/home/elytra/AdR/p2_ws/install/turtlebot4_gz_gui_plugins/share/turtlebot4_gz_gui_plugins/package.zsh'
[1.454s] Level 1:colcon.colcon_core.environment:create_file_with_runtime_dependencies(/home/elytra/AdR/p2_ws/install/turtlebot4_gz_gui_plugins/share/colcon-core/packages/turtlebot4_gz_gui_plugins)
[2.462s] DEBUG:colcon.colcon_parallel_executor.executor.parallel:closing loop
[2.463s] DEBUG:colcon.colcon_parallel_executor.executor.parallel:loop closed
[2.463s] DEBUG:colcon.colcon_parallel_executor.executor.parallel:run_until_complete finished with '1'
[2.463s] DEBUG:colcon.colcon_core.event_reactor:joining thread
[2.471s] INFO:colcon.colcon_core.plugin_system:Skipping extension 'colcon_notification.desktop_notification.terminal_notifier': Not used on non-Darwin systems
[2.471s] INFO:colcon.colcon_core.plugin_system:Skipping extension 'colcon_notification.desktop_notification.win32': Not used on non-Windows systems
[2.471s] INFO:colcon.colcon_notification.desktop_notification:Sending desktop notification using 'notify2'
[2.483s] DEBUG:colcon.colcon_core.event_reactor:joined thread
[2.484s] INFO:colcon.colcon_core.shell:Creating prefix script '/home/elytra/AdR/p2_ws/install/local_setup.ps1'
[2.485s] INFO:colcon.colcon_core.shell:Creating prefix util module '/home/elytra/AdR/p2_ws/install/_local_setup_util_ps1.py'
[2.487s] INFO:colcon.colcon_core.shell:Creating prefix chain script '/home/elytra/AdR/p2_ws/install/setup.ps1'
[2.500s] INFO:colcon.colcon_core.shell:Creating prefix script '/home/elytra/AdR/p2_ws/install/local_setup.sh'
[2.500s] INFO:colcon.colcon_core.shell:Creating prefix util module '/home/elytra/AdR/p2_ws/install/_local_setup_util_sh.py'
[2.500s] INFO:colcon.colcon_core.shell:Creating prefix chain script '/home/elytra/AdR/p2_ws/install/setup.sh'
[2.507s] INFO:colcon.colcon_core.shell:Creating prefix script '/home/elytra/AdR/p2_ws/install/local_setup.bash'
[2.508s] INFO:colcon.colcon_core.shell:Creating prefix chain script '/home/elytra/AdR/p2_ws/install/setup.bash'
[2.513s] INFO:colcon.colcon_core.shell:Creating prefix script '/home/elytra/AdR/p2_ws/install/local_setup.zsh'
[2.514s] INFO:colcon.colcon_core.shell:Creating prefix chain script '/home/elytra/AdR/p2_ws/install/setup.zsh'
