[0.790s] Invoking command in '/home/elytra/AdR/p2_ws/src/p2_kf_adr': PYTHONPATH=/home/elytra/AdR/p2_ws/build/p2_kf_adr/prefix_override:/usr/lib/python3/dist-packages/colcon_core/task/python/colcon_distutils_commands:/home/elytra/AdR/p2_ws/install/p2_kf_adr/lib/python3.10/site-packages:${PYTHONPATH} /usr/bin/python3 -W ignore:setup.py install is deprecated -W ignore:easy_install command is deprecated setup.py egg_info --egg-base ../../build/p2_kf_adr build --build-base /home/elytra/AdR/p2_ws/build/p2_kf_adr/build install --record /home/elytra/AdR/p2_ws/build/p2_kf_adr/install.log --single-version-externally-managed install_data
[1.014s] running egg_info
[1.014s] writing ../../build/p2_kf_adr/p2_kf_adr.egg-info/PKG-INFO
[1.017s] writing dependency_links to ../../build/p2_kf_adr/p2_kf_adr.egg-info/dependency_links.txt
[1.017s] writing entry points to ../../build/p2_kf_adr/p2_kf_adr.egg-info/entry_points.txt
[1.018s] writing requirements to ../../build/p2_kf_adr/p2_kf_adr.egg-info/requires.txt
[1.018s] writing top-level names to ../../build/p2_kf_adr/p2_kf_adr.egg-info/top_level.txt
[1.020s] reading manifest file '../../build/p2_kf_adr/p2_kf_adr.egg-info/SOURCES.txt'
[1.021s] writing manifest file '../../build/p2_kf_adr/p2_kf_adr.egg-info/SOURCES.txt'
[1.022s] running build
[1.022s] running build_py
[1.023s] copying p2_kf_adr/graphs.py -> /home/elytra/AdR/p2_ws/build/p2_kf_adr/build/lib/p2_kf_adr
[1.023s] copying p2_kf_adr/kf_estimation_vel.py -> /home/elytra/AdR/p2_ws/build/p2_kf_adr/build/lib/p2_kf_adr
[1.023s] copying p2_kf_adr/kf_estimation.py -> /home/elytra/AdR/p2_ws/build/p2_kf_adr/build/lib/p2_kf_adr
[1.024s] running install
[1.025s] running install_lib
[1.026s] copying /home/elytra/AdR/p2_ws/build/p2_kf_adr/build/lib/p2_kf_adr/graphs.py -> /home/elytra/AdR/p2_ws/install/p2_kf_adr/lib/python3.10/site-packages/p2_kf_adr
[1.026s] copying /home/elytra/AdR/p2_ws/build/p2_kf_adr/build/lib/p2_kf_adr/kf_estimation_vel.py -> /home/elytra/AdR/p2_ws/install/p2_kf_adr/lib/python3.10/site-packages/p2_kf_adr
[1.026s] copying /home/elytra/AdR/p2_ws/build/p2_kf_adr/build/lib/p2_kf_adr/kf_estimation.py -> /home/elytra/AdR/p2_ws/install/p2_kf_adr/lib/python3.10/site-packages/p2_kf_adr
[1.027s] byte-compiling /home/elytra/AdR/p2_ws/install/p2_kf_adr/lib/python3.10/site-packages/p2_kf_adr/graphs.py to graphs.cpython-310.pyc
[1.028s] byte-compiling /home/elytra/AdR/p2_ws/install/p2_kf_adr/lib/python3.10/site-packages/p2_kf_adr/kf_estimation_vel.py to kf_estimation_vel.cpython-310.pyc
[1.028s] byte-compiling /home/elytra/AdR/p2_ws/install/p2_kf_adr/lib/python3.10/site-packages/p2_kf_adr/kf_estimation.py to kf_estimation.cpython-310.pyc
[1.029s] running install_data
[1.029s] running install_egg_info
[1.031s] removing '/home/elytra/AdR/p2_ws/install/p2_kf_adr/lib/python3.10/site-packages/p2_kf_adr-0.0.0-py3.10.egg-info' (and everything under it)
[1.031s] Copying ../../build/p2_kf_adr/p2_kf_adr.egg-info to /home/elytra/AdR/p2_ws/install/p2_kf_adr/lib/python3.10/site-packages/p2_kf_adr-0.0.0-py3.10.egg-info
[1.033s] running install_scripts
[1.055s] Installing kf_estimation script to /home/elytra/AdR/p2_ws/install/p2_kf_adr/lib/p2_kf_adr
[1.055s] Installing kf_estimation_vel script to /home/elytra/AdR/p2_ws/install/p2_kf_adr/lib/p2_kf_adr
[1.056s] writing list of installed files to '/home/elytra/AdR/p2_ws/build/p2_kf_adr/install.log'
[1.098s] Invoked command in '/home/elytra/AdR/p2_ws/src/p2_kf_adr' returned '0': PYTHONPATH=/home/elytra/AdR/p2_ws/build/p2_kf_adr/prefix_override:/usr/lib/python3/dist-packages/colcon_core/task/python/colcon_distutils_commands:/home/elytra/AdR/p2_ws/install/p2_kf_adr/lib/python3.10/site-packages:${PYTHONPATH} /usr/bin/python3 -W ignore:setup.py install is deprecated -W ignore:easy_install command is deprecated setup.py egg_info --egg-base ../../build/p2_kf_adr build --build-base /home/elytra/AdR/p2_ws/build/p2_kf_adr/build install --record /home/elytra/AdR/p2_ws/build/p2_kf_adr/install.log --single-version-externally-managed install_data
